<?xml version="1.0" encoding="UTF-8"?>
<!-- Generated by org.testng.reporters.JUnitReportReporter -->
<testsuite skipped="0" hostname="DESKTOP-QR4NIPM" name="com.qa.api.gorest.tests.GetUserTest" tests="3" failures="0" timestamp="31 Jan 2021 16:21:50 GMT" time="21.237" errors="0">
  <testcase name="getAllUserAPITest" time="18.494" classname="com.qa.api.gorest.tests.GetUserTest"/>
  <testcase name="getAllUserWithQueryParamAPITest" time="1.406" classname="com.qa.api.gorest.tests.GetUserTest"/>
  <testcase name="getUserWithIdAPITest" time="1.337" classname="com.qa.api.gorest.tests.GetUserTest"/>
</testsuite> <!-- com.qa.api.gorest.tests.GetUserTest -->
