<?xml version="1.0" encoding="UTF-8"?>
<!-- Generated by org.testng.reporters.JUnitReportReporter -->
<testsuite skipped="0" hostname="DESKTOP-QR4NIPM" name="com.qa.api.util.Token" tests="1" failures="0" timestamp="28 Jan 2021 01:48:02 GMT" time="10.372" errors="0">
  <testcase name="getAccessToken" time="10.372" classname="com.qa.api.util.Token"/>
</testsuite> <!-- com.qa.api.util.Token -->
