<?xml version="1.0" encoding="UTF-8"?>
<!-- Generated by org.testng.reporters.JUnitReportReporter -->
<testsuite skipped="0" hostname="DESKTOP-QR4NIPM" name="com.qa.api.imgur.tests.GetImgurAPITest" tests="3" failures="1" timestamp="31 Jan 2021 16:21:50 GMT" time="24.784" errors="0">
  <testcase name="getAccountBase" time="0.440" classname="com.qa.api.imgur.tests.GetImgurAPITest"/>
  <testcase name="getAccountBlockStatus" time="1.799" classname="com.qa.api.imgur.tests.GetImgurAPITest">
    <failure type="java.lang.AssertionError" message="expected [false] but found [true]">
      <![CDATA[java.lang.AssertionError: expected [false] but found [true]
at org.testng.Assert.fail(Assert.java:96)
at org.testng.Assert.failNotEquals(Assert.java:776)
at org.testng.Assert.assertFalse(Assert.java:65)
at org.testng.Assert.assertFalse(Assert.java:75)
at com.qa.api.imgur.tests.GetImgurAPITest.getAccountBlockStatus(GetImgurAPITest.java:49)
at sun.reflect.NativeMethodAccessorImpl.invoke0(Native Method)
at sun.reflect.NativeMethodAccessorImpl.invoke(NativeMethodAccessorImpl.java:62)
at sun.reflect.DelegatingMethodAccessorImpl.invoke(DelegatingMethodAccessorImpl.java:43)
at java.lang.reflect.Method.invoke(Method.java:498)
at org.testng.internal.MethodInvocationHelper.invokeMethod(MethodInvocationHelper.java:124)
at org.testng.internal.Invoker.invokeMethod(Invoker.java:583)
at org.testng.internal.Invoker.invokeTestMethod(Invoker.java:719)
at org.testng.internal.Invoker.invokeTestMethods(Invoker.java:989)
at org.testng.internal.TestMethodWorker.invokeTestMethods(TestMethodWorker.java:125)
at org.testng.internal.TestMethodWorker.run(TestMethodWorker.java:109)
at java.util.concurrent.ThreadPoolExecutor.runWorker(ThreadPoolExecutor.java:1149)
at java.util.concurrent.ThreadPoolExecutor$Worker.run(ThreadPoolExecutor.java:624)
at java.lang.Thread.run(Thread.java:748)
]]>
    </failure>
  </testcase> <!-- getAccountBlockStatus -->
  <testcase name="uploadImagePostAPITest" time="22.545" classname="com.qa.api.imgur.tests.GetImgurAPITest"/>
</testsuite> <!-- com.qa.api.imgur.tests.GetImgurAPITest -->
