<?xml version="1.0" encoding="UTF-8"?>
<!-- Generated by org.testng.reporters.JUnitReportReporter -->
<testsuite skipped="0" hostname="DESKTOP-QR4NIPM" name="com.qa.api.gorest.tests.CreateUserTest" tests="4" failures="0" timestamp="31 Jan 2021 16:21:50 GMT" time="13.032" errors="0">
  <testcase name="createUserAPIPostTest" time="1.371" classname="com.qa.api.gorest.tests.CreateUserTest"/>
  <testcase name="createUserAPIPostTest" time="8.840" classname="com.qa.api.gorest.tests.CreateUserTest"/>
  <testcase name="createUserAPIPostTest" time="1.350" classname="com.qa.api.gorest.tests.CreateUserTest"/>
  <testcase name="createUserAPIPostTest" time="1.471" classname="com.qa.api.gorest.tests.CreateUserTest"/>
</testsuite> <!-- com.qa.api.gorest.tests.CreateUserTest -->
